1000000000001001000000000000000000000000
1110010111010110101000100001100000001110
0111100110100110001111010001110110011111
0011111001001100100000001001010101000010
1110011111011001011100100100010011011000
0111101111101000011101010100100010000010
0111110011111111100101100001101111101110
1000000000001001000000000000000000000000
0110001000001111000000100000000100101100
0010100011010111010011110100111010110011
0110000111000001100000101010010100011110
0010010001100110101100100011001011110011
0001101001001111101011011010001110100110
0011001011000011101100000110100111011000
1001001100111100010010111100011000010110
0011101100111010111100000111111100011110
1010101001101000101010111001111010101010
1001101001011101100101010110011001101111
1111110110001000011110001011100101100011
1000111010111001101101110001101010011000
0101110001100001111011000010101110111110
1101010111010001010100100010001111010101
1100111111000001110100001001111100100110
1001110001101010111011000011001001100010
0000011111011000011010001101111010101110
0101101110101000011000101010110101110011
1000100011110010110010100111101100010010
1110001010010101010001110001000011101001
0011010101110101101011001010001111101100
0010100111000001000001001011000010111010
0100011110000101011111111111111010000011
0010000010110001100000110010010100010101
1000011001100011110110010010101011001100
0010101000010011111010010111101011111100
0111001110001110110001011101001111001101
0011000000001100010011101001101011111010
0011011001100000110100001010110000011010
1000101101110001100011110011111000101110
1011011110000100000111101000001101011111
1000111101111010101011101100011111101111
1100101101001111011111111100001100111111
1001011111001000011011101000101100001101
1000000000001001000000000000000000000000
1111011010110000110100100011000111111100
0111110011001111001011110100010000111111
1100101111011110000000100111110111001000
0110001001011110011010000111100101100111
1101110101100000101011111000111011000001
1111010010010001101100110111001100110110
0111000000111001011110101000001000001100
1110000011100010000101010100110001000101
1001111000101111010010101100010000111011
1010011010110111001101101001010001010110
0001001111111100101011001011110101100101
1010001100110110110111011010111011010101
1000000000000000000000000000001001000000000000000000000000
1010111110110100010110110010101000011011111011101101111110
1000000011001011111111101000011011000111011001101011000011
0010001110100001001001100111010100010011001101010111101010
0000100101101001000001011101000110011110100011001001010010
0010000100000001010101100100101110111000011010010110010010
1010001111010111011111111001100110101101111001101101011111
1011000001000001010100100100110000110010000110010110000000
0111011110001011000100110110000001000110010110011010111010
0010001010001010110110010100001010011111110011111001000110
1010011100011100011001100010101010110111100111110000100000
1000101011101010010001011100010101101011110100011010110011
1010010101011001010110101001110010000000000110010101111011
0011010011001110100111000101001101010110100111001001111101
1111011010000101110110110111101111100110101101000001101001
0100000011010010001101100100101010001111000110111111001001
1011011100011111111111100011010010000011110111111110011010
0011010101011001011100010111000010011011111110000000001000
0001100011110111011110001001001100111000111110001110111110
0100101011100001100010110111110001000111111100101101101101
0110011101101100000101111111111111100110111011101010101010
1100110011110101000100110010101111010001000011011011111011
1110100011011101011100101100101110011100010000110100111010
1111010101011101011100110100000001010011001011100000010110
1100001100110000111101011000010001110100110001010010100000
0100000000011111101111111011010111100111111001101000001101
0111001110001010011100000011000110101101010101011000101000
1000110011111100011010110010101101101110110110100101110001
0110000111001001111111101011000100001011100110010111111011
1011011101100001111101111110101010010000110010100100011011
1011011111010000101001000101000010000101110111110011000000
0010100011011110000100001110010011111010011100000111001100
1000001100000111111001101010110100010100100101010100101011
1110000010100101100001100100011111101111101110000101000011
1001111001100111001011101011100011010010010001110100111111
0110111011110111001110010100100000000000000111001010110101
1011100111101101101101010101100000011001011101010110001101
0011101111111110101010001111011010001000010100000111110000
1101101111100100101010001010010011101100111000101101101011
1001011011010001000110000111011111011000101000111111111001
1001111111100100111100011010000110110001011001010111010011
1111010000001010100011000000100000100001100000100101011010
1000011000101110000111100011111101001100001011111110010111
1011101100100111001010010011101100100100011110100001100000
1111010101011011000011000100101001100001111010111110000001
1000011001101111100111001101101000100010100111111100000111
0000000011110110100001111100101011011010101001011110100101
1010110110111101111011011010000000110010101010110010101011
1101101100011111010001010111000110111010010010110100111101
0110110001110001011000101000111110101000010001011100001100
1010110111101001110000000000111011111100011110111010000011
1000011000001111001011010000101000010000110011101110111111
1110010111001000011100010010100100111011010000101101100011
1110001111010001110110111111100101100011111100110000011111
0011010000011101000101011010011101001101010110000100011100
0000110100111010110011110011010011111010000011111110001010
0001010010100110010110100010001111000010010111010111000011
0010001100101101001010100111111101010101111101010010011111
0110011101111011011000111111111100101001000000011101000000
0100011010100011000110111001100011010111111100011110011110
0000010001000101110000000011110110111011111011101100100011
1010110000110111110001010110010011101100001101000110000111
1001101001100110001101101000000011101001101110111010100010
0101110101110110000111110011100000101001000111111111100100
1010101101100001101101110100111000011001010100110001001010
0010010011101111111011011011001100011111011001110001110000
1010111100111110011111010110001000101000110011001001001010
1010001100100000111011100011101000000101101110110111011000
0011101010010111010010111100001000001111101110101011011111
0100111111100001100010101101001001000100100111101001011101
1001110111011011100000000001101010001000010011000101001010
1001000100010110100000000010011100111110100110110110110001
0101011111000001000001100000011011111000001111111101010111
0111010100101110011110100101011011111101000100111010010111
1100011100101010110001100110011110100011111011000111010101
1011111001001001000011100101101100100101011100100101110111
1010010000100101000001111000010101010011001000010100101101
1110010001111010101011011011010000001000010100000011111111
0111011000001110010001101111101001110000010001100110100110
1000011011001100010010111010101101011111100110011000100000
1110001000101111010001010111010000010111111000111100010010
1111111100100001101000011110111011110101100011010011000111
0000010000110101111100010101111010010101000100110000010001
0101010010001101111101101001111111011001011000000001101010
0001010101010011100100111001111101001010000000000101110111
1101100100110110110010110111100000000101001110000000000101
0001010001110010010010010000111001000110110010000010111101
0110010101011101000010100010111100000100110111111001000111
1101111010110010110001001100111111100010001001100000010001
0011010001111101100011101000111011101111001111011010011010
0100111011111001001011010111000001010111100011000000000010
0111111001010011001101001000001101111001011010110100101101
1101000010000100000101111111010110101101010010101010111101
1001101110111111100010011010111100010001000010111000011101
1001100111000111001111000011011111101110100000111110000100
0101000101100000110100001110010110011011101100111001000011
0000010000111001110011011110001000110101111110011101010001
0010010000111001001110110101111010101111110010100111000010
0010100111000010111101000011100000110001001010000011111111
1101000100010000110110011101011010000010011100101111011100
1101010101001001101111100010011001000110100111100011011000
0011100011000111000110111111111000011000010010001000100001
1111010101110001101111101011001000011000111110111110100100
1010101001111101010110011001000010000100101000111010101011
0111000010010000010011100101000011000110000111101011011010
1110100001110011000111111111001011000011101111101010011110
1111010101101011010110001001100001110110001100010010110101
0010111011000000101011011000101110001010110000010001110010
0101110001000010010111000011000010011001110001111011101001
0000010100110101110011011011001001110011100001011100010000
0101010001110111000011101001100010011010011011011110101001
1000001001110011100110111001010001011011111110001110000001
0110001111100111001001001010000111100011000011000010110101
1011001110100010001001100110001100001010011000001111010001
0011110110101001010111010101100001101101010111011111100011
1011001011101010011110011101111011001000001001101101001101
1010000110111011100101100110110110001110100011100110111101
0000010000011101100110011100110110100100001101111000111000
1001001011001011011000100110001101011100000000111001001100
0010010000001110110111011000100101111110010101101101111100
1011010010111111011101111110110111111100110101101110101000
0111101100010100011011000100011001110100111001100101001100
0000011011010111111101001111000100110110111000111011101010
0110000110110001001000100110111001001001000101101000011000
0100011010011100111111101001011000101101101000001011111100
0010001110101111111011101111001100100001001001011000100110
0100100111011111000000001110001010010001100100100110110000
1011011010100001001111100110000110101011001110000111101001
1101111110100100110000010100101101010010001010000011111110
1100101111000000000100110000110011101011000110101001010110
0110011010010000100100010110010110000111101111001110101101
1101101000011011010010110000010000110101011100111011010010
0111100111011110011101010011101111111110010011110000001011
1011100000101011110111011011011101011010000011101011000011
1000000000000000111000101100001001010011011010011001000110
0010000101111010001100001101010110000100110101011101100101
0101011110001111111101000010110101001110101011101011000010
1101000011001011111011100110000001011110000010011011100011
1101100010010111100110000001100110100010011111111001011011
0000000010101010101100001110000111011110001110101001110100
0010001101000111010010001011011001110010001111101101100000
1000001011110110011011110010011100000110110001010100011101
1010000110000111011100011010011000110011111100010101101001
1100001110100111001111010101011111010111100011000100000111
1011010110100000011000110111011010011110010011111000000000
1011000011011101110100000110001101000010011010101010100001
0110101110110111110001010011100111000100111101000010110100
0100100101010101001100100110111101101000110011000001101101
1110111111101111001011110101101110001101100000100010000001
1011010000101110010101010000100111010011010111101011110111
0100011001000011100101111000011101010111001110101000110011
1100011010100100101111101010000101001011011100110110111000
1000011001101011110111001010110010011111001111110101001101
0111101101011000010011000000001101011010100111100001100100
0110110110111111111011010010111010100101000000100101010011
0001100001011010101011001011001101000101011110011101101001
1110110101111111000111110111011111111001001011111110010101
0111010101011011010001010000000101010101010101010100101110
0010000100001100110011010101010001111001001111000011110101
1000100010011110101110111001001000101101111000101100000011
0010111100111100101110001101111100001011100001010000110000
0011011100010101001110010001100010011011111001101111111001
0100100110011011101000001000110100011100110111101110000000
1111111111111110001110011000000110011000100001000111101000
0110110110100111110011010011011001000101110011011000110000
0100010111111101101111011110001101000010110111011111111001
0100111101101011100100110101010100001111111000010101101100
1011011101000111110101100110011010110001001101011110010001
0101111111000101101110001010001000010110001001011111100011
0011100001000111010010101110001001010110100010111111000110
1011010001110010000111110100010010000100010010111001001010
1100100111010110100111101110101101000101000010101101110100
0010101110010011010000101111000111101000000010111000100000
0111001011011101101100010010101110010000000011010110011011
1111010111011010011101001011000001000111001000110010111111
0110110100110001111110110010000101110001100011011010111110
0001101100001101101100110110001010111001010111111101100010
0100010111110100000000100001100111010001110101001001000000
0110010111110111101101001101110001010100101110010111110011
0011000101111001010111101110001001011101011101110110101101
0101010001100011111000111011011111111111000100011001001100
0101111111110011010001101100010101000001100110101010010001
1101000011110000110101101010101110011001000001110100001111
0001111101100001000010001000000101110001111100110000001011
0110111100010110101111010011100100110011111100010101010110
0110010010111110010111111001111011101000111110001111010010
0111001111111001110001100100001101000100011001100011110011
0001000010001111100000010110101110100011011101111001010101
0110001110011110110010001011001110001011000100000010111001
1001100101000101100100100001000100101010011000101111101010
0011100001110010101101010011101100110011010111001011000010
0011101101111010111001100010101100010000110010000111000000
1110010011010111011011001001101010101000101111101010011000
0011111011001010010001000001100101011011000010011001100000
1010000010000101001101001110001011100000010011000101010011
0000010001011100001101101001001100001100101100111101101011
0100000100110101000001110010001001110011000100101011100110
0100000000010111110110011001010000000111100010001010100001
1110011101010001011111101100111000010100010110011111100011
0101001011110010010111111000111111000111110000110011010111
1100101000001101000110110111001111110101100100110000011000
1000110100011010000010010111011000111000111110101100001010
0010110111111011100010000100111111000000010000111001101010
0001000010111011011011101110110110011001000011010100110100
1101101110010100001010010001111011100000101100001100011000
0111000110000010100000011011100101110011011111111000010000
0110001101011111110010101001101111111111101100101100110100
0000010101101111000011001011100100011010010100010111010101
0001000001101110101100000110111111010010010010000111111001
0000111111111100010001100100010000000010011101100101111111
1001101110111001110000101100100000010111100101100011110101
0100000110000100100010010010001110101011001101101111010110
0011000110010111100001110110000000001110000011111101000110
0000001001101110011101100010010100100101101101011001010011
1110001001110101000100001111111110011101011110101101011001
1010100101011010111100000000101111100000110101001110111010
1010011110111110011011111100110001011101110001010100000100
0100000000101011110111100000011001100101000000001110111010
1000111000000000110110000011111010010101010111011111111010
0100001100010101110001110001111100000001110011101011010000
0001111010111000110001000000010010000101101100010000001101
1101101011001001001001111100001110000100010011110100011111
1110101111110000001010010111000110100101000100010001001000
1101001011110101000010010011011011000000000011011111111001
0010000100101110101100000110011010110111101011100111101001
0011101101001111010110000100011001100000000001111110100000
0111001000011110111010100100011000110101000101111011101101
0111101011110010010010010111101100010000010000011101110011
0111100011111110001001011110010110101011110101100010110111
1011010011000011101011111001011111000001001111100101011101
0111001111010010011010110100011000100010101100000100010101
0101110011001110001001100110001100111000110000000010000101
0001011010100000010111001011101001111000101000010001000000
0001001101111110011100111010000011011111010010100001010110
1100110110010010100111101010101100000010111011100011111010
0100010010101000000000010110101100101001101010010010010100
1001101100010000100101010110110000101100101001011111010100
1110100101110111001111101001000001001001101001010000111100
1011111011001010100111110000011011111110101101111000100011
1011001011011111011010110110010000100111111011101110001000
1111101010100101110000010101011000001001000110000011011001
1110011101011001010101011101010101101001011001100011111001
1111110001010001100100010100010101101001000111101010111100
1000001110100100000010101000000111010100010101111000110011
0111111100011101100110101010010111001011111100111010101100
1101111101011110111100101100011101111011101100000000000101
0000000101001110111100010001011111010101001001100001110011
1101110100110010101011111011011000010101111111100100011111
1111010100100010111100000110001110001110001100101001111010
1010000101100110101000000110100001111001101010000101011000
1111101000000011101100001111010001100010101101001111011101
0010000100001101100111010101001101011100011000000100100010
0010111010110110010100101110101100011111111001101001010011
0010110001110001011101010111010001111011101001111100011101
1100100001000001100001110101110011111111101001001010101010
1110101101101001111111111011010110100011000011110000100110
1001010010111110001110001101011100111000000011001011001011
0001111110011010000100111100110001010110010110011001010101
1001111111110010111001100101101111010110110000111111110101
0011010000100001001100100100101100100100000101000110001010
0100001111010100000010010001000000001100011111000011001010
0101011001010110111111101111000011101010011001111111001000
1010010000011010001100011110000111111100101101111111110111
1010001001101101010100100110010010010001010010011101000101
0001111000100011010101101010100111110010001000000000000101
1100011111011000011011100010101011000011000100011111001111
0100111000010001001110101010111101101001011001110111001001
1111010101010011101110000001110011110101010001110010101100
0111111001111101011011000111001001101111110011010000110001
0001100000010110100111110101100010001111011001000011100101
0001011010100111010010001111110000000111011010100100100110
0011101010110101010110000101101100111110110000110010001011
0100011111110000010001000111001110001010110000010101100101
1110001010100010100001010110111001001101001010110101100001
0100011110101100110111110100100110010111011001001110101100
1000000110011000100111101110101000100101110010110000100101
0100110111010110000010101110000111001111000000000101000001
0010001101011010010111001001110110010000001111010001010110
1100110011100011010110011111110010110000101010011000011011
0001001111110010100100000111010000011000100001011010110110
0110110010101011100010000001111010110100011010100101101111
1010000011110111101110000100110100000011111111000001010010
1100011111001111011101100100001010000111011101100000110100
0111011011001011000000000100110000111011010001010010010100
1110100011101010110100100001111111010001010110101011011010
0001101101101100001010101000111111100010001011100111100110
0011110110000011111000001000110111110011110010001111100111
0101011101011111101001111010000000101111000110101000110110
0100111111101011001110100111010110110100001001011111001101
1010111001110110001010000010100100001111110111100111000000
0101010111111010101101011011011111110100101001010011011000
1010010110101111000110001111000001010010010000000100111111
0110001110101011111000010011110010001001000001101101010010
1010110010100100100010110100010110000101001010111001110110
1110001100101010001100111001111001000110111000101001000010
0011001000011111110100101111101111010000111111110111111110
1011110011010010001011011010001001011111001110000000000011
0000110011011011110000101111100000111111101001101010001010
1001101111010110100101100111110000000110011000111111000010
1001000001010010011010001111010101001110001011110100010111
1001111111001001011011101111001010000111101100101111111101
1011010101001011010001011010001111100101011010011001001101
0110010010110110010111111110000001110111011001101001000101
0000000011010010010110000010011000111001111001001100001001
0111100100001000011000101011011110110110111110010000000010
0111101110100110101100001000011011110001111110011110010111
1001001101000111100110101111101110001100100100011100101100
0001110001111101001110001101110111011101011000110111000010
0100111110101100100001111000110110101001110100001000101011
0111110101110101011111001101101101101011011110100111001000
0010001000000110010110110110100101010000001111110101001111
0101110110110000001111100000000100001011111111111011000010
1111011000010111011101110011010010110101011010010101010010
1000110000101000110001111101110100110101000000111011100100
1001001111011011111001101001110010010011010101010001100101
0110000000110100010110011010001110110101100010011101110000
0100111010110101010000000100011111000011010011001010010110
0001010101110100000111111010011110101010010000010011100011
0100000110000011110101111001010100111011100100110100010100
0111000011000100000110010111101001011010110000001111001110
1010110100000110101000010010010000000000000111110110110000
0111100001111111011001000001100100101000110111110001010100
0110000101000110011001100100011111101111001011100001011101
0000111001111001011101111110101010011111110001010000100101
1010010110110010010010111010010101000011010010100011010010
1100000001111001011111010100100111111101110010011111101110
1101001110001110111001100101100100000100110001001110111010
1010101101111010100010111001010110001001100011011000101111
0111110000011100000010010100111000011111001101101001101101
0000000001011100010000001101011100110101110101100001100001
1111100111110011110011010010110111000000001001101110001101
1111011011000100010011101000100011101111011100110110011100
1010100011101001010101001010100101001100110101100011000111
1111110111010111000100001010001011010000010101001011010000
1111110110100110010000011101101010010010001100011110011011
1101010010111111010010000100100101001000001100101100101111
1100011011111000100111101010011111101011001100000101001000
0011100010011001001001001000100000100110100011011001010110
1110101001010100011101001000100010100110100111110101001100
1100011111011000001111100111010010011101011111101110110111
0111101110101110110010010111011111010010110101001011100110
1111011100111011111101100100100110100000001001001001101011
0101111101101011101100101101000101101010011001100101001010
0011100101001000110110011001001001101100110101000110010010
0100100010001101010011110010010110101000110111101110100100
1010010100111000001111110000011000110100100001001010001100
1100100000111110011111010111001011111110001100001110100111
1011010110000011101011101110010001111101111111101000100001
1110001101100101010101100001110011110010101100011010111001
1100000111100111001000110001011110100011000010111001010011
1000000110010110010100000010000101011010101001110010100011
1010110101001000110000011101111010011100111101110000010011
1001000011011111010110001000110001000101000011111101000101
1011100001100110111011001110100000101101001010101011010111
0000000100101111110001111001000101001011111111100100111010
1111111000000111000000110001001100111100011000110111100100
0000000001001001100000011110011101110011001111011001001010
0011111101010010011010111111010101111010011010111100010010
0101011011011000011111111101110100001111100100001111101010
1010100111010110111101111000100011110111000110111010000010
1111110101110011110100011111000001110000110001000100000010
1111100001101111101111101100001111111000001100001101010010
0011111110100000010000111111001001000001101111100100100001
1100101111110010110101111001111000010110011111100000101111
0000001001110110111110100101111111001011011011011000010111
0101011111111100110011011001111010000100001001101001000111
0101110001000000110001110101101000010000011010001111001001
1110100000100110011011010101100000010110110111000001011010
1110101110000100010000110001101100001010001000001011101111
1001100010101100101010010010110111111101100001011000111101
0001100000000101111010011101101101000100101101111101111010
1000100100000111110001101101000001100001101101010011010101
1000010011000000000110011010100101011001011100000001011001
0101101101111001010101001110111010011010000100100000010110
0011000111111100011110100101101000000101101000011001111010
0000110101001100111110100001110000110001011111101100000000
1001111111111011110110111000101000110100010101000011100000
1111101110101000101010000111110011111101110001001011101010
1001000001000100001111111001100100111001000110001001011001
0111010010011110100000010111110001010101110111000000011111
0101110011111100001110000110000001000110011010111110011101
0011000111010011011001001101001001000000100011011000011110
1111010101100000011101101111001011010001001010001111010010
0000101010100100011110111000100011100001011111111001100111
0110101111000100101011110010110101011110111111010111101101
0011100111010101100000110110110100011110010101110011100111
1001011001100000101011101100011110100000111101110101010000
1010000101000110101101000110001100011101111000111100011000
0100101110111001100001010011000101000100001110100011010001
0110110000010100101011010101100011111110010110000111011000
0000110110011100010000000000010101011001101011100101000010
0111000001111010000011101111100101011001001100110011011100
0010110110010010011001000010100010010011100101111000011011
0111111001010001000110010010101001100010110000011110001110
1100001000001011000011111111010011011001111000011001011110
1011011101000011001101001001000101011011110100010011100010
1110000101101101011110010110100111101001010011101011100110
0001011100101011000100011010101000000001010000110010000101
1010001111100011011100010011100011010100111110001110111010
1110011110001000010111101011111001110010101100001001100110
1100001000110000110111111010000000010001111100101011100110
1011110101000001101110001100110010011000011111100100110011
0100010100011000100100011101010001111110101010011011110101
0111110010010110100011110000010110100010100001001001000101
0110100010101000011110001110110100000011101010001010110101
1001011001001100000011100010000111001000001000110010101111
0000101011010001011101011011100101011001110111000111101000
0111010000010000101011111101101100011010001011011011100101
1101000111111100010010001110111010001111111000100000101001
0011001111111111011101101101111011101101111010001010000001
0110001101101100010110011111100010101111011001110011101000
1110110111001100110011011010000111110110101010111011111110
1000011001000001000110110010110110011111000100001110000001
1011011010101111101110000110001100110101100010100101111100
0011111001001110110100001100110111001101010111101101010001
1110011001001000111011101011111001101011010010111001100101
0001010111110001011010000010001101110101000110010001100111
1001111010000001101011011011010011001111111000101010101001
0011110011101100100001010111001101100001011111110101001001
1001111010110110010011001000010100011111000001101001000100
1111001000000111011000011000001101100111001101001101000011
0010011101100011011100110101010000111110110010000101011011
0111100100000010001100100011100111010100000111011100011100
1111011100111100100110110011100111101010010111111010100011
1110001110011111011001110010100101110111000111000100001011
1000110011010010100000101100010010000011000101111111000110
1011111101101100100001100011001101110011110101000111100101
1010001010010111100101100111101011100010001010101101101001
0100011111111101011010100101100111010110000100001111011011
1001111100100000000000010011101110001011001000001000001111
1110101101010000001000110101101010011111010000101110010101
0110110100000111110111111110101001101000001111000110100101
1010000011011100101000100011001000001100111100010010000000
0001110111001110111001110000000111010100010011001011000100
0100111000010100100000000100011001101000110111010101100001
0001101001000111101011000111010100100011110100111000011010
0101001111111110111110011010010110010111110001101101001111
1101111110000010000011100100111100110110111100110110100100
1000110001011110000000111010100011010010100100010111000010
1010110100111011010110001111011000101001101111111001100110
1010100001011011100000011010110100110111000100001000110100
1001101110000111100001101111011001100010011011011111101001
0010101000111100011110010100011101101100010000110101101101
0011001111001100101110000010101111110000101110000000011001
0010001110101111100011010011010110110010000110010101101010
0111101111000100001111111110011100101100101111100101110000
1000100101110111110011110101101101000011101100010001011111
1010111110001111011100001010011000110010010011100100001000
1010111010111011001111010000011000000000001011111011001100
0010111001010110011100110001110101110010011010001110110000
0110010011011100111010111010011010000000000011111110010110
1101001011001101011011101110101110100001100111101011010000
1011100001111101100101101001100000001001011101001011100101
1001100110010101011011111011011100000111111100010111001111
0010011100001100111010110010001110101010101101001110001000
1001011010001111101000000111001001111110011000010111110101
0110001100111001100110110000000010101110110010010100001010
0101101011110100011100110101111111101101011001011000000001
0100111101101100010111010101000010111100110011100100011011
0010111011110000110111000101111110100000101010100101111000
1010011101101110111100010010010001111000110011000100111011
1011000101100011110010101011111110000111111000011011111100
0011100011001001100100011110011111000011111110101100111010
1100110000100000000101100101111101000100101001100011111001
0101011100010110010011100011111011010010000111111010011110
1010011000110111111010010001001111100100011000001001011100
1001101010000000111100111100001101000000010010011001010111
1011110111111110101010011101011110001000011110110110110100
0000010000011101110010000001010110001110011111011101111101
0010000000111000111011010011001110101101010011010101111011
1011001010011110100101001000010001100100110010100011101011
0111000100101001011100110100001011110100100001110011001000
0111011000101000001111001100011101010000010001000001111011
1011011001000011011010111001111100110011110000100001011110
0010001001010000101100101110111000011111001001111001001100
0101000111010001010010001100001111101100010001000001001110
0011011110101100100100000100000100001110011110011101100111
0011010000111110010000000000100101110011101100001001110101
1010001111010001110101110111001101011000010111101010100010
0111100011111000000001100101110101100011110111110110111001
1100000010000011000010000100101110000010110111011000111010
0001011011001110100010001110110111110011001111000001001111
0011001010100101001011000110100100111101101101100100111101
0001101100000010010111001000111010000111001110101001111010
0110110110011001111010110010001111000101111110111100001101
1001110000001110000101101110111010000100000101110101010111
1100101101001011110110100111000100000100100110111110101000
0100101000101111100101111111010000001110000001000010010001
0001101100001000000110101100111010001010001011111010111100
1000001111001110101111011110001100100100111100010111101011
0110010101011101000000001001001111001001000110101100110010
0000010001001010000101011001001010011100010001011101010010
1000010111000001111010100000101111101010110111111111111110
1001001001011101111001101000001111101010110111111111111110
1011010011010101010011010100101111101010110111111111111110
1111101100000010101100011011011111101010110111111111111110
0100100111110101001110000101101111101010110111111111111110
0101010100110100100000011101101111101010110111111111111110
0010101001001101110011011110111111101010110111111111111110
1111000000011111011000010011011111101010110111111111111110
1000001001001001100110010000001111101010110111111111111110
0001111000101110011001110111101111101010110111111111111110
1110110010110011100100100110101111101010110111111111111110
0110011011111010000101010001101111101010110111111111111110
0110010100111100001111000101111111101010110111111111111110
1010101100000111100000110010101111101010110111111111111110
0111110010111101001000010101001111101010110111111111111110
